<?xml version="1.0" encoding="UTF-8"?>
<testsuite xmlns:xsi="http://www.w3.org/2001/XMLSchema-instance" xsi:noNamespaceSchemaLocation="https://maven.apache.org/surefire/maven-surefire-plugin/xsd/surefire-test-report.xsd" name="test.com.ddz.toolrental.core.WeekendHolidayCalculator.Test_DateRange_Year" time="0" tests="3" errors="0" skipped="0" failures="0">
  <properties>
[...]
</properties>
  <testcase name="Test_YearExtraSaturday" classname="test.com.ddz.toolrental.core.WeekendHolidayCalculator.Test_DateRange_Year" time="0"/>
  <testcase name="Test_FullYear" classname="test.com.ddz.toolrental.core.WeekendHolidayCalculator.Test_DateRange_Year" time="0"/>
  <testcase name="Test_LeapYear" classname="test.com.ddz.toolrental.core.WeekendHolidayCalculator.Test_DateRange_Year" time="0"/>
</testsuite>